<?xml version="1.0" encoding="UTF-8"?>
<!-- Generated by org.testng.reporters.JUnitReportReporter -->
<testsuite skipped="0" hostname="WKWIN7106031" name="com.qa.test.GoogleTest" tests="6" failures="0" timestamp="2019-09-25T15:38:16 IST" time="39.036" errors="0">
  <testcase name="GetPagetitle" time="6.329" classname="com.qa.test.GoogleTest"/>
  <testcase name="getLogo" time="7.082" classname="com.qa.test.GoogleTest"/>
  <testcase name="verifyGMailLink" time="5.854" classname="com.qa.test.GoogleTest"/>
  <testcase name="verifyImages" time="6.017" classname="com.qa.test.GoogleTest"/>
  <testcase name="verifyMicrophoneIcon" time="6.611" classname="com.qa.test.GoogleTest"/>
  <testcase name="finalTest" time="7.143" classname="com.qa.test.GoogleTest"/>
</testsuite> <!-- com.qa.test.GoogleTest -->
