<?xml version="1.0" encoding="UTF-8"?>
<!-- Generated by org.testng.reporters.JUnitReportReporter -->
<testsuite skipped="0" hostname="WKWIN7106031" name="com.qa.test.DataProviderTest" tests="8" failures="0" timestamp="2019-09-26T12:36:41 IST" time="207.328" errors="0">
  <testcase name="VerifyHardcodeDataProvider" time="25.926" classname="com.qa.test.DataProviderTest"/>
  <testcase name="VerifyRegisterEbayTest" time="23.711" classname="com.qa.test.DataProviderTest"/>
  <testcase name="VerifyHardcodeDataProvider" time="23.792" classname="com.qa.test.DataProviderTest"/>
  <testcase name="VerifyHardcodeDataProvider" time="25.291" classname="com.qa.test.DataProviderTest"/>
  <testcase name="VerifyRegisterEbayTest" time="34.136" classname="com.qa.test.DataProviderTest"/>
  <testcase name="VerifyRegisterEbayTest" time="22.467" classname="com.qa.test.DataProviderTest"/>
  <testcase name="VerifyHardcodeDataProvider" time="30.053" classname="com.qa.test.DataProviderTest"/>
  <testcase name="VerifyRegisterEbayTest" time="21.952" classname="com.qa.test.DataProviderTest"/>
</testsuite> <!-- com.qa.test.DataProviderTest -->
