<?xml version="1.0" encoding="UTF-8"?>
<!-- Generated by org.testng.reporters.JUnitReportReporter -->
<testsuite skipped="0" hostname="WKWIN7106031" name="com.qa.test.DataProviderTest" tests="4" failures="0" timestamp="2019-09-26T12:05:28 IST" time="88.901" errors="0">
  <testcase name="VerifyRegisterEbayTest" time="21.370" classname="com.qa.test.DataProviderTest"/>
  <testcase name="VerifyRegisterEbayTest" time="21.873" classname="com.qa.test.DataProviderTest"/>
  <testcase name="VerifyRegisterEbayTest" time="23.621" classname="com.qa.test.DataProviderTest"/>
  <testcase name="VerifyRegisterEbayTest" time="22.037" classname="com.qa.test.DataProviderTest"/>
</testsuite> <!-- com.qa.test.DataProviderTest -->
