<?xml version="1.0" encoding="UTF-8"?>
<!-- Generated by org.testng.reporters.JUnitReportReporter -->
<testsuite skipped="0" hostname="WKWIN7106031" name="com.qa.test.LoginTest" tests="6" failures="0" timestamp="2019-09-25T14:06:23 IST" time="35.021" errors="0">
  <testcase name="GetPagetitle" time="6.602" classname="com.qa.test.LoginTest"/>
  <testcase name="getLogo" time="5.880" classname="com.qa.test.LoginTest"/>
  <testcase name="verifyGMailLink" time="5.688" classname="com.qa.test.LoginTest"/>
  <testcase name="verifyImages" time="5.561" classname="com.qa.test.LoginTest"/>
  <testcase name="verifySearchText" time="5.592" classname="com.qa.test.LoginTest"/>
  <testcase name="verifyMicrophoneIcon" time="5.698" classname="com.qa.test.LoginTest"/>
</testsuite> <!-- com.qa.test.LoginTest -->
