<?xml version="1.0" encoding="UTF-8"?>
<!-- Generated by org.testng.reporters.JUnitReportReporter -->
<testsuite skipped="0" hostname="WKWIN7106031" name="com.qa.test.LoginTest" tests="1" failures="0" timestamp="2019-09-25T10:08:10 IST" time="0.016" errors="0">
  <testcase name="TestOne" time="0.016" classname="com.qa.test.LoginTest"/>
</testsuite> <!-- com.qa.test.LoginTest -->
